
> ai-studio-applet@0.1.0 dev
> next dev

   ▲ Next.js 15.5.19
   - Local:        http://localhost:3000
   - Network:      http://192.168.0.2:3000

 ✓ Starting...
 ✓ Ready in 2.3s
 ○ Compiling /login ...
 ✓ Compiled /login in 6s (614 modules)
 GET /login 200 in 6587ms
 GET /login 200 in 161ms
 ○ Compiling /wizard ...
 ✓ Compiled /wizard in 4.3s (1430 modules)
 GET /wizard 200 in 4458ms
 GET /wizard 200 in 50ms
 GET /login 200 in 290ms
 GET /wizard 200 in 70ms
 ✓ Compiled in 1076ms (1430 modules)
 GET /login 200 in 393ms
 GET /wizard 200 in 56ms
 ✓ Compiled in 1034ms (1430 modules)
